Položku - TM-TM-1210A00339EL se nepodařilo založit - 
Položku - TM-TM-1210A00339LM se nepodařilo založit - 
Položku - TM-TM-1210A00339BT se nepodařilo založit - 
Položku - TM-TM-1210A00339LD se nepodařilo založit - 
Položku - TM-TM-1210A00339D1 se nepodařilo založit - 
Položku - TM-TM-1210A00339E1 se nepodařilo založit - 
Položku - TM-TM-1210A00339E3 se nepodařilo založit - 
Položku - TM-TM-1210A00439EL se nepodařilo založit - 
Položku - TM-TM-1210A00439LM se nepodařilo založit - 
Položku - TM-TM-1210A00439BT se nepodařilo založit - 
Položku - TM-TM-1210A00439LD se nepodařilo založit - 
Položku - TM-TM-1210A00439D1 se nepodařilo založit - 
Položku - TM-TM-1210A00439E1 se nepodařilo založit - 
Položku - TM-TM-1210A00439E3 se nepodařilo založit - 
Položku - TM-TM-1210A09439EL se nepodařilo založit - 
Položku - TM-TM-1210A09439LM se nepodařilo založit - 
Položku - TM-TM-1210A09439BT se nepodařilo založit - 
Položku - TM-TM-1210A09439LD se nepodařilo založit - 
Položku - TM-TM-1210A09439D1 se nepodařilo založit - 
Položku - TM-TM-1210A09439E1 se nepodařilo založit - 
Položku - TM-TM-1210A09439E3 se nepodařilo založit - 
Položku - TM-TM-1210A00539EL se nepodařilo založit - 
Položku - TM-TM-1210A00539LM se nepodařilo založit - 
Položku - TM-TM-1210A00539BT se nepodařilo založit - 
Položku - TM-TM-1210A00539LD se nepodařilo založit - 
Položku - TM-TM-1210A00539D1 se nepodařilo založit - 
Položku - TM-TM-1210A00539E1 se nepodařilo založit - 
Položku - TM-TM-1210A00539E3 se nepodařilo založit - 
Položku - TM-TM-1210A06539EL se nepodařilo založit - 
Položku - TM-TM-1210A06539LM se nepodařilo založit - 
Položku - TM-TM-1210A06539BT se nepodařilo založit - 
Položku - TM-TM-1210A06539LD se nepodařilo založit - 
Položku - TM-TM-1210A06539D1 se nepodařilo založit - 
Položku - TM-TM-1210A06539E1 se nepodařilo založit - 
Položku - TM-TM-1210A06539E3 se nepodařilo založit - 
Položku - TM-TM-1210A00357EL se nepodařilo založit - 
Položku - TM-TM-1210A00357LM se nepodařilo založit - 
Položku - TM-TM-1210A00357BT se nepodařilo založit - 
Položku - TM-TM-1210A00357LD se nepodařilo založit - 
Položku - TM-TM-1210A00357D1 se nepodařilo založit - 
Položku - TM-TM-1210A00357E1 se nepodařilo založit - 
Položku - TM-TM-1210A00357E3 se nepodařilo založit - 
Položku - TM-TM-1210A00457EL se nepodařilo založit - 
Položku - TM-TM-1210A00457LM se nepodařilo založit - 
Položku - TM-TM-1210A00457BT se nepodařilo založit - 
Položku - TM-TM-1210A00457LD se nepodařilo založit - 
Položku - TM-TM-1210A00457D1 se nepodařilo založit - 
Položku - TM-TM-1210A00457E1 se nepodařilo založit - 
Položku - TM-TM-1210A00457E3 se nepodařilo založit - 
Položku - TM-TM-1210A09457EL se nepodařilo založit - 
Položku - TM-TM-1210A09457LM se nepodařilo založit - 
Položku - TM-TM-1210A09457BT se nepodařilo založit - 
Položku - TM-TM-1210A09457LD se nepodařilo založit - 
Položku - TM-TM-1210A09457D1 se nepodařilo založit - 
Položku - TM-TM-1210A09457E1 se nepodařilo založit - 
Položku - TM-TM-1210A09457E3 se nepodařilo založit - 
Položku - TM-TM-1210A00557EL se nepodařilo založit - 
Položku - TM-TM-1210A00557LM se nepodařilo založit - 
Položku - TM-TM-1210A00557BT se nepodařilo založit - 
Položku - TM-TM-1210A00557LD se nepodařilo založit - 
Položku - TM-TM-1210A00557D1 se nepodařilo založit - 
Položku - TM-TM-1210A00557E1 se nepodařilo založit - 
Položku - TM-TM-1210A00557E3 se nepodařilo založit - 
Položku - TM-TM-1210A06557EL se nepodařilo založit - 
Položku - TM-TM-1210A06557LM se nepodařilo založit - 
Položku - TM-TM-1210A06557BT se nepodařilo založit - 
Položku - TM-TM-1210A06557LD se nepodařilo založit - 
Položku - TM-TM-1210A06557D1 se nepodařilo založit - 
Položku - TM-TM-1210A06557E1 se nepodařilo založit - 
Položku - TM-TM-1210A06557E3 se nepodařilo založit - 
Položku - TM-TM-1881R30317LM se nepodařilo založit - 
Položku - TM-TM-1881R30317BT se nepodařilo založit - 
Položku - TM-TM-1881R30317LD se nepodařilo založit - 
Položku - TM-TM-1881R30317D1 se nepodařilo založit - 
Položku - TM-TM-1881R30317E1 se nepodařilo založit - 
Položku - TM-TM-1881R30317E3 se nepodařilo založit - 
Položku - TM-TM-1881R30317EL se nepodařilo založit - 
Položku - TM-TM-1881RP0317LM se nepodařilo založit - 
Položku - TM-TM-1881RP0317BT se nepodařilo založit - 
Položku - TM-TM-1881RP0317LD se nepodařilo založit - 
Položku - TM-TM-1881RP0317D1 se nepodařilo založit - 
Položku - TM-TM-1881RP0317E1 se nepodařilo založit - 
Položku - TM-TM-1881RP0317E3 se nepodařilo založit - 
Položku - TM-TM-1881RP0317EL se nepodařilo založit - 
Položku - TM-TM-1881R30417LM se nepodařilo založit - 
Položku - TM-TM-1881R30417BT se nepodařilo založit - 
Položku - TM-TM-1881R30417LD se nepodařilo založit - 
Položku - TM-TM-1881R30417D1 se nepodařilo založit - 
Položku - TM-TM-1881R30417E1 se nepodařilo založit - 
Položku - TM-TM-1881R30417E3 se nepodařilo založit - 
Položku - TM-TM-1881R30417EL se nepodařilo založit - 
Položku - TM-TM-1881RP0417LM se nepodařilo založit - 
Položku - TM-TM-1881RP0417BT se nepodařilo založit - 
Položku - TM-TM-1881RP0417LD se nepodařilo založit - 
Položku - TM-TM-1881RP0417D1 se nepodařilo založit - 
Položku - TM-TM-1881RP0417E1 se nepodařilo založit - 
Položku - TM-TM-1881RP0417E3 se nepodařilo založit - 
Položku - TM-TM-1881RP0417EL se nepodařilo založit - 
Položku - TM-TM-1881R39417LM se nepodařilo založit - 
Položku - TM-TM-1881R39417BT se nepodařilo založit - 
Položku - TM-TM-1881R39417LD se nepodařilo založit - 
Položku - TM-TM-1881R39417D1 se nepodařilo založit - 
Položku - TM-TM-1881R39417E1 se nepodařilo založit - 
Položku - TM-TM-1881R39417E3 se nepodařilo založit - 
Položku - TM-TM-1881R39417EL se nepodařilo založit - 
Položku - TM-TM-1881RP9417LM se nepodařilo založit - 
Položku - TM-TM-1881RP9417BT se nepodařilo založit - 
Položku - TM-TM-1881RP9417LD se nepodařilo založit - 
Položku - TM-TM-1881RP9417D1 se nepodařilo založit - 
Položku - TM-TM-1881RP9417E1 se nepodařilo založit - 
Položku - TM-TM-1881RP9417E3 se nepodařilo založit - 
Položku - TM-TM-1881RP9417EL se nepodařilo založit - 
Položku - TM-TM-1881R30517LM se nepodařilo založit - 
Položku - TM-TM-1881R30517BT se nepodařilo založit - 
Položku - TM-TM-1881R30517LD se nepodařilo založit - 
Položku - TM-TM-1881R30517D1 se nepodařilo založit - 
Položku - TM-TM-1881R30517E1 se nepodařilo založit - 
Položku - TM-TM-1881R30517E3 se nepodařilo založit - 
Položku - TM-TM-1881R30517EL se nepodařilo založit - 
Položku - TM-TM-1881RP0517LM se nepodařilo založit - 
Položku - TM-TM-1881RP0517BT se nepodařilo založit - 
Položku - TM-TM-1881RP0517LD se nepodařilo založit - 
Položku - TM-TM-1881RP0517D1 se nepodařilo založit - 
Položku - TM-TM-1881RP0517E1 se nepodařilo založit - 
Položku - TM-TM-1881RP0517E3 se nepodařilo založit - 
Položku - TM-TM-1881RP0517EL se nepodařilo založit - 
Položku - TM-TM-1881R36517LM se nepodařilo založit - 
Položku - TM-TM-1881R36517BT se nepodařilo založit - 
Položku - TM-TM-1881R36517LD se nepodařilo založit - 
Položku - TM-TM-1881R36517D1 se nepodařilo založit - 
Položku - TM-TM-1881R36517E1 se nepodařilo založit - 
Položku - TM-TM-1881R36517E3 se nepodařilo založit - 
Položku - TM-TM-1881R36517EL se nepodařilo založit - 
Položku - TM-TM-1881RP6517LM se nepodařilo založit - 
Položku - TM-TM-1881RP6517BT se nepodařilo založit - 
Položku - TM-TM-1881RP6517LD se nepodařilo založit - 
Položku - TM-TM-1881RP6517D1 se nepodařilo založit - 
Položku - TM-TM-1881RP6517E1 se nepodařilo založit - 
Položku - TM-TM-1881RP6517E3 se nepodařilo založit - 
Položku - TM-TM-1881RP6517EL se nepodařilo založit - 
Položku - TM-TM-1881R30326LM se nepodařilo založit - 
Položku - TM-TM-1881R30326BT se nepodařilo založit - 
Položku - TM-TM-1881R30326LD se nepodařilo založit - 
Položku - TM-TM-1881R30326D1 se nepodařilo založit - 
Položku - TM-TM-1881R30326E1 se nepodařilo založit - 
Položku - TM-TM-1881R30326E3 se nepodařilo založit - 
Položku - TM-TM-1881R30326EL se nepodařilo založit - 
Položku - TM-TM-1881RP0326LM se nepodařilo založit - 
Položku - TM-TM-1881RP0326BT se nepodařilo založit - 
Položku - TM-TM-1881RP0326LD se nepodařilo založit - 
Položku - TM-TM-1881RP0326D1 se nepodařilo založit - 
Položku - TM-TM-1881RP0326E1 se nepodařilo založit - 
Položku - TM-TM-1881RP0326E3 se nepodařilo založit - 
Položku - TM-TM-1881RP0326EL se nepodařilo založit - 
Položku - TM-TM-1881R30426LM se nepodařilo založit - 
Položku - TM-TM-1881R30426BT se nepodařilo založit - 
Položku - TM-TM-1881R30426LD se nepodařilo založit - 
Položku - TM-TM-1881R30426D1 se nepodařilo založit - 
Položku - TM-TM-1881R30426E1 se nepodařilo založit - 
Položku - TM-TM-1881R30426E3 se nepodařilo založit - 
Položku - TM-TM-1881R30426EL se nepodařilo založit - 
Položku - TM-TM-1881RP0426LM se nepodařilo založit - 
Položku - TM-TM-1881RP0426BT se nepodařilo založit - 
Položku - TM-TM-1881RP0426LD se nepodařilo založit - 
Položku - TM-TM-1881RP0426D1 se nepodařilo založit - 
Položku - TM-TM-1881RP0426E1 se nepodařilo založit - 
Položku - TM-TM-1881RP0426E3 se nepodařilo založit - 
Položku - TM-TM-1881RP0426EL se nepodařilo založit - 
Položku - TM-TM-1881R39426LM se nepodařilo založit - 
Položku - TM-TM-1881R39426BT se nepodařilo založit - 
Položku - TM-TM-1881R39426LD se nepodařilo založit - 
Položku - TM-TM-1881R39426D1 se nepodařilo založit - 
Položku - TM-TM-1881R39426E1 se nepodařilo založit - 
Položku - TM-TM-1881R39426E3 se nepodařilo založit - 
Položku - TM-TM-1881R39426EL se nepodařilo založit - 
Položku - TM-TM-1881RP9426LM se nepodařilo založit - 
Položku - TM-TM-1881RP9426BT se nepodařilo založit - 
Položku - TM-TM-1881RP9426LD se nepodařilo založit - 
Položku - TM-TM-1881RP9426D1 se nepodařilo založit - 
Položku - TM-TM-1881RP9426E1 se nepodařilo založit - 
Položku - TM-TM-1881RP9426E3 se nepodařilo založit - 
Položku - TM-TM-1881RP9426EL se nepodařilo založit - 
Položku - TM-TM-1881R30526LM se nepodařilo založit - 
Položku - TM-TM-1881R30526BT se nepodařilo založit - 
Položku - TM-TM-1881R30526LD se nepodařilo založit - 
Položku - TM-TM-1881R30526D1 se nepodařilo založit - 
Položku - TM-TM-1881R30526E1 se nepodařilo založit - 
Položku - TM-TM-1881R30526E3 se nepodařilo založit - 
Položku - TM-TM-1881R30526EL se nepodařilo založit - 
Položku - TM-TM-1881RP0526LM se nepodařilo založit - 
Položku - TM-TM-1881RP0526BT se nepodařilo založit - 
Položku - TM-TM-1881RP0526LD se nepodařilo založit - 
Položku - TM-TM-1881RP0526D1 se nepodařilo založit - 
Položku - TM-TM-1881RP0526E1 se nepodařilo založit - 
Položku - TM-TM-1881RP0526E3 se nepodařilo založit - 
Položku - TM-TM-1881RP0526EL se nepodařilo založit - 
Položku - TM-TM-1881R36526LM se nepodařilo založit - 
Položku - TM-TM-1881R36526BT se nepodařilo založit - 
Položku - TM-TM-1881R36526LD se nepodařilo založit - 
Položku - TM-TM-1881R36526D1 se nepodařilo založit - 
Položku - TM-TM-1881R36526E1 se nepodařilo založit - 
Položku - TM-TM-1881R36526E3 se nepodařilo založit - 
Položku - TM-TM-1881R36526EL se nepodařilo založit - 
Položku - TM-TM-1881RP6526LM se nepodařilo založit - 
Položku - TM-TM-1881RP6526BT se nepodařilo založit - 
Položku - TM-TM-1881RP6526LD se nepodařilo založit - 
Položku - TM-TM-1881RP6526D1 se nepodařilo založit - 
Položku - TM-TM-1881RP6526E1 se nepodařilo založit - 
Položku - TM-TM-1881RP6526E3 se nepodařilo založit - 
Položku - TM-TM-1881RP6526EL se nepodařilo založit - 
Položku - TM-TM-1881Q30332LM se nepodařilo založit - 
Položku - TM-TM-1881Q30332BT se nepodařilo založit - 
Položku - TM-TM-1881Q30332LD se nepodařilo založit - 
Položku - TM-TM-1881Q30332D1 se nepodařilo založit - 
Položku - TM-TM-1881Q30332E1 se nepodařilo založit - 
Položku - TM-TM-1881Q30332E3 se nepodařilo založit - 
Položku - TM-TM-1881Q30332EL se nepodařilo založit - 
Položku - TM-TM-1881QP0332LM se nepodařilo založit - 
Položku - TM-TM-1881QP0332BT se nepodařilo založit - 
Položku - TM-TM-1881QP0332LD se nepodařilo založit - 
Položku - TM-TM-1881QP0332D1 se nepodařilo založit - 
Položku - TM-TM-1881QP0332E1 se nepodařilo založit - 
Položku - TM-TM-1881QP0332E3 se nepodařilo založit - 
Položku - TM-TM-1881QP0332EL se nepodařilo založit - 
Položku - TM-TM-1881R30332LM se nepodařilo založit - 
Položku - TM-TM-1881R30332BT se nepodařilo založit - 
Položku - TM-TM-1881R30332LD se nepodařilo založit - 
Položku - TM-TM-1881R30332D1 se nepodařilo založit - 
Položku - TM-TM-1881R30332E1 se nepodařilo založit - 
Položku - TM-TM-1881R30332E3 se nepodařilo založit - 
Položku - TM-TM-1881R30332EL se nepodařilo založit - 
Položku - TM-TM-1881RP0332LM se nepodařilo založit - 
Položku - TM-TM-1881RP0332BT se nepodařilo založit - 
Položku - TM-TM-1881RP0332LD se nepodařilo založit - 
Položku - TM-TM-1881RP0332D1 se nepodařilo založit - 
Položku - TM-TM-1881RP0332E1 se nepodařilo založit - 
Položku - TM-TM-1881RP0332E3 se nepodařilo založit - 
Položku - TM-TM-1881RP0332EL se nepodařilo založit - 
Položku - TM-TM-1881Q30432LM se nepodařilo založit - 
Položku - TM-TM-1881Q30432BT se nepodařilo založit - 
Položku - TM-TM-1881Q30432LD se nepodařilo založit - 
Položku - TM-TM-1881Q30432D1 se nepodařilo založit - 
Položku - TM-TM-1881Q30432E1 se nepodařilo založit - 
Položku - TM-TM-1881Q30432E3 se nepodařilo založit - 
Položku - TM-TM-1881Q30432EL se nepodařilo založit - 
Položku - TM-TM-1881QP0432LM se nepodařilo založit - 
Položku - TM-TM-1881QP0432BT se nepodařilo založit - 
Položku - TM-TM-1881QP0432LD se nepodařilo založit - 
Položku - TM-TM-1881QP0432D1 se nepodařilo založit - 
Položku - TM-TM-1881QP0432E1 se nepodařilo založit - 
Položku - TM-TM-1881QP0432E3 se nepodařilo založit - 
Položku - TM-TM-1881QP0432EL se nepodařilo založit - 
Položku - TM-TM-1881R30432LM se nepodařilo založit - 
Položku - TM-TM-1881R30432BT se nepodařilo založit - 
Položku - TM-TM-1881R30432LD se nepodařilo založit - 
Položku - TM-TM-1881R30432D1 se nepodařilo založit - 
Položku - TM-TM-1881R30432E1 se nepodařilo založit - 
Položku - TM-TM-1881R30432E3 se nepodařilo založit - 
Položku - TM-TM-1881R30432EL se nepodařilo založit - 
Položku - TM-TM-1881RP0432LM se nepodařilo založit - 
Položku - TM-TM-1881RP0432BT se nepodařilo založit - 
Položku - TM-TM-1881RP0432LD se nepodařilo založit - 
Položku - TM-TM-1881RP0432D1 se nepodařilo založit - 
Položku - TM-TM-1881RP0432E1 se nepodařilo založit - 
Položku - TM-TM-1881RP0432E3 se nepodařilo založit - 
Položku - TM-TM-1881RP0432EL se nepodařilo založit - 
Položku - TM-TM-1881Q39432LM se nepodařilo založit - 
Položku - TM-TM-1881Q39432BT se nepodařilo založit - 
Položku - TM-TM-1881Q39432LD se nepodařilo založit - 
Položku - TM-TM-1881Q39432D1 se nepodařilo založit - 
Položku - TM-TM-1881Q39432E1 se nepodařilo založit - 
Položku - TM-TM-1881Q39432E3 se nepodařilo založit - 
Položku - TM-TM-1881Q39432EL se nepodařilo založit - 
Položku - TM-TM-1881QP9432LM se nepodařilo založit - 
Položku - TM-TM-1881QP9432BT se nepodařilo založit - 
Položku - TM-TM-1881QP9432LD se nepodařilo založit - 
Položku - TM-TM-1881QP9432D1 se nepodařilo založit - 
Položku - TM-TM-1881QP9432E1 se nepodařilo založit - 
Položku - TM-TM-1881QP9432E3 se nepodařilo založit - 
Položku - TM-TM-1881QP9432EL se nepodařilo založit - 
Položku - TM-TM-1881R39432LM se nepodařilo založit - 
Položku - TM-TM-1881R39432BT se nepodařilo založit - 
Položku - TM-TM-1881R39432LD se nepodařilo založit - 
Položku - TM-TM-1881R39432D1 se nepodařilo založit - 
Položku - TM-TM-1881R39432E1 se nepodařilo založit - 
Položku - TM-TM-1881R39432E3 se nepodařilo založit - 
Položku - TM-TM-1881R39432EL se nepodařilo založit - 
Položku - TM-TM-1881RP9432LM se nepodařilo založit - 
Položku - TM-TM-1881RP9432BT se nepodařilo založit - 
Položku - TM-TM-1881RP9432LD se nepodařilo založit - 
Položku - TM-TM-1881RP9432D1 se nepodařilo založit - 
Položku - TM-TM-1881RP9432E1 se nepodařilo založit - 
Položku - TM-TM-1881RP9432E3 se nepodařilo založit - 
Položku - TM-TM-1881RP9432EL se nepodařilo založit - 
Položku - TM-TM-1881Q30532LM se nepodařilo založit - 
Položku - TM-TM-1881Q30532BT se nepodařilo založit - 
Položku - TM-TM-1881Q30532LD se nepodařilo založit - 
Položku - TM-TM-1881Q30532D1 se nepodařilo založit - 
Položku - TM-TM-1881Q30532E1 se nepodařilo založit - 
Položku - TM-TM-1881Q30532E3 se nepodařilo založit - 
Položku - TM-TM-1881Q30532EL se nepodařilo založit - 
Položku - TM-TM-1881QP0532LM se nepodařilo založit - 
Položku - TM-TM-1881QP0532BT se nepodařilo založit - 
Položku - TM-TM-1881QP0532LD se nepodařilo založit - 
Položku - TM-TM-1881QP0532D1 se nepodařilo založit - 
Položku - TM-TM-1881QP0532E1 se nepodařilo založit - 
Položku - TM-TM-1881QP0532E3 se nepodařilo založit - 
Položku - TM-TM-1881QP0532EL se nepodařilo založit - 
Položku - TM-TM-1881R30532LM se nepodařilo založit - 
Položku - TM-TM-1881R30532BT se nepodařilo založit - 
Položku - TM-TM-1881R30532LD se nepodařilo založit - 
Položku - TM-TM-1881R30532D1 se nepodařilo založit - 
Položku - TM-TM-1881R30532E1 se nepodařilo založit - 
Položku - TM-TM-1881R30532E3 se nepodařilo založit - 
Položku - TM-TM-1881R30532EL se nepodařilo založit - 
Položku - TM-TM-1881RP0532LM se nepodařilo založit - 
Položku - TM-TM-1881RP0532BT se nepodařilo založit - 
Položku - TM-TM-1881RP0532LD se nepodařilo založit - 
Položku - TM-TM-1881RP0532D1 se nepodařilo založit - 
Položku - TM-TM-1881RP0532E1 se nepodařilo založit - 
Položku - TM-TM-1881RP0532E3 se nepodařilo založit - 
Položku - TM-TM-1881RP0532EL se nepodařilo založit - 
Položku - TM-TM-1881Q36532LM se nepodařilo založit - 
Položku - TM-TM-1881Q36532BT se nepodařilo založit - 
Položku - TM-TM-1881Q36532LD se nepodařilo založit - 
Položku - TM-TM-1881Q36532D1 se nepodařilo založit - 
Položku - TM-TM-1881Q36532E1 se nepodařilo založit - 
Položku - TM-TM-1881Q36532E3 se nepodařilo založit - 
Položku - TM-TM-1881Q36532EL se nepodařilo založit - 
Položku - TM-TM-1881QP6532LM se nepodařilo založit - 
Položku - TM-TM-1881QP6532BT se nepodařilo založit - 
Položku - TM-TM-1881QP6532LD se nepodařilo založit - 
Položku - TM-TM-1881QP6532D1 se nepodařilo založit - 
Položku - TM-TM-1881QP6532E1 se nepodařilo založit - 
Položku - TM-TM-1881QP6532E3 se nepodařilo založit - 
Položku - TM-TM-1881QP6532EL se nepodařilo založit - 
Položku - TM-TM-1881R36532LM se nepodařilo založit - 
Položku - TM-TM-1881R36532BT se nepodařilo založit - 
Položku - TM-TM-1881R36532LD se nepodařilo založit - 
Položku - TM-TM-1881R36532D1 se nepodařilo založit - 
Položku - TM-TM-1881R36532E1 se nepodařilo založit - 
Položku - TM-TM-1881R36532E3 se nepodařilo založit - 
Položku - TM-TM-1881R36532EL se nepodařilo založit - 
Položku - TM-TM-1881RP6532LM se nepodařilo založit - 
Položku - TM-TM-1881RP6532BT se nepodařilo založit - 
Položku - TM-TM-1881RP6532LD se nepodařilo založit - 
Položku - TM-TM-1881RP6532D1 se nepodařilo založit - 
Položku - TM-TM-1881RP6532E1 se nepodařilo založit - 
Položku - TM-TM-1881RP6532E3 se nepodařilo založit - 
Položku - TM-TM-1881RP6532EL se nepodařilo založit - 
Položku - TM-TM-1881Q30338LM se nepodařilo založit - 
Položku - TM-TM-1881Q30338BT se nepodařilo založit - 
Položku - TM-TM-1881Q30338LD se nepodařilo založit - 
Položku - TM-TM-1881Q30338D1 se nepodařilo založit - 
Položku - TM-TM-1881Q30338E1 se nepodařilo založit - 
Položku - TM-TM-1881Q30338E3 se nepodařilo založit - 
Položku - TM-TM-1881Q30338EL se nepodařilo založit - 
Položku - TM-TM-1881QP0338LM se nepodařilo založit - 
Položku - TM-TM-1881QP0338BT se nepodařilo založit - 
Položku - TM-TM-1881QP0338LD se nepodařilo založit - 
Položku - TM-TM-1881QP0338D1 se nepodařilo založit - 
Položku - TM-TM-1881QP0338E1 se nepodařilo založit - 
Položku - TM-TM-1881QP0338E3 se nepodařilo založit - 
Položku - TM-TM-1881QP0338EL se nepodařilo založit - 
Položku - TM-TM-1881R30338LM se nepodařilo založit - 
Položku - TM-TM-1881R30338BT se nepodařilo založit - 
Položku - TM-TM-1881R30338LD se nepodařilo založit - 
Položku - TM-TM-1881R30338D1 se nepodařilo založit - 
Položku - TM-TM-1881R30338E1 se nepodařilo založit - 
Položku - TM-TM-1881R30338E3 se nepodařilo založit - 
Položku - TM-TM-1881R30338EL se nepodařilo založit - 
Položku - TM-TM-1881RP0338LM se nepodařilo založit - 
Položku - TM-TM-1881RP0338BT se nepodařilo založit - 
Položku - TM-TM-1881RP0338LD se nepodařilo založit - 
Položku - TM-TM-1881RP0338D1 se nepodařilo založit - 
Položku - TM-TM-1881RP0338E1 se nepodařilo založit - 
Položku - TM-TM-1881RP0338E3 se nepodařilo založit - 
Položku - TM-TM-1881RP0338EL se nepodařilo založit - 
Položku - TM-TM-1881Q30438LM se nepodařilo založit - 
Položku - TM-TM-1881Q30438BT se nepodařilo založit - 
Položku - TM-TM-1881Q30438LD se nepodařilo založit - 
Položku - TM-TM-1881Q30438D1 se nepodařilo založit - 
Položku - TM-TM-1881Q30438E1 se nepodařilo založit - 
Položku - TM-TM-1881Q30438E3 se nepodařilo založit - 
Položku - TM-TM-1881Q30438EL se nepodařilo založit - 
Položku - TM-TM-1881QP0438LM se nepodařilo založit - 
Položku - TM-TM-1881QP0438BT se nepodařilo založit - 
Položku - TM-TM-1881QP0438LD se nepodařilo založit - 
Položku - TM-TM-1881QP0438D1 se nepodařilo založit - 
Položku - TM-TM-1881QP0438E1 se nepodařilo založit - 
Položku - TM-TM-1881QP0438E3 se nepodařilo založit - 
Položku - TM-TM-1881QP0438EL se nepodařilo založit - 
Položku - TM-TM-1881R30438LM se nepodařilo založit - 
Položku - TM-TM-1881R30438BT se nepodařilo založit - 
Položku - TM-TM-1881R30438LD se nepodařilo založit - 
Položku - TM-TM-1881R30438D1 se nepodařilo založit - 
Položku - TM-TM-1881R30438E1 se nepodařilo založit - 
Položku - TM-TM-1881R30438E3 se nepodařilo založit - 
Položku - TM-TM-1881R30438EL se nepodařilo založit - 
Položku - TM-TM-1881RP0438LM se nepodařilo založit - 
Položku - TM-TM-1881RP0438BT se nepodařilo založit - 
Položku - TM-TM-1881RP0438LD se nepodařilo založit - 
Položku - TM-TM-1881RP0438D1 se nepodařilo založit - 
Položku - TM-TM-1881RP0438E1 se nepodařilo založit - 
Položku - TM-TM-1881RP0438E3 se nepodařilo založit - 
Položku - TM-TM-1881RP0438EL se nepodařilo založit - 
Položku - TM-TM-1881Q39438LM se nepodařilo založit - 
Položku - TM-TM-1881Q39438BT se nepodařilo založit - 
Položku - TM-TM-1881Q39438LD se nepodařilo založit - 
Položku - TM-TM-1881Q39438D1 se nepodařilo založit - 
Položku - TM-TM-1881Q39438E1 se nepodařilo založit - 
Položku - TM-TM-1881Q39438E3 se nepodařilo založit - 
Položku - TM-TM-1881Q39438EL se nepodařilo založit - 
Položku - TM-TM-1881QP9438LM se nepodařilo založit - 
Položku - TM-TM-1881QP9438BT se nepodařilo založit - 
Položku - TM-TM-1881QP9438LD se nepodařilo založit - 
Položku - TM-TM-1881QP9438D1 se nepodařilo založit - 
Položku - TM-TM-1881QP9438E1 se nepodařilo založit - 
Položku - TM-TM-1881QP9438E3 se nepodařilo založit - 
Položku - TM-TM-1881QP9438EL se nepodařilo založit - 
Položku - TM-TM-1881R39438LM se nepodařilo založit - 
Položku - TM-TM-1881R39438BT se nepodařilo založit - 
Položku - TM-TM-1881R39438LD se nepodařilo založit - 
Položku - TM-TM-1881R39438D1 se nepodařilo založit - 
Položku - TM-TM-1881R39438E1 se nepodařilo založit - 
Položku - TM-TM-1881R39438E3 se nepodařilo založit - 
Položku - TM-TM-1881R39438EL se nepodařilo založit - 
Položku - TM-TM-1881RP9438LM se nepodařilo založit - 
Položku - TM-TM-1881RP9438BT se nepodařilo založit - 
Položku - TM-TM-1881RP9438LD se nepodařilo založit - 
Položku - TM-TM-1881RP9438D1 se nepodařilo založit - 
Položku - TM-TM-1881RP9438E1 se nepodařilo založit - 
Položku - TM-TM-1881RP9438E3 se nepodařilo založit - 
Položku - TM-TM-1881RP9438EL se nepodařilo založit - 
Položku - TM-TM-1881Q30538LM se nepodařilo založit - 
Položku - TM-TM-1881Q30538BT se nepodařilo založit - 
Položku - TM-TM-1881Q30538LD se nepodařilo založit - 
Položku - TM-TM-1881Q30538D1 se nepodařilo založit - 
Položku - TM-TM-1881Q30538E1 se nepodařilo založit - 
Položku - TM-TM-1881Q30538E3 se nepodařilo založit - 
Položku - TM-TM-1881Q30538EL se nepodařilo založit - 
Položku - TM-TM-1881QP0538LM se nepodařilo založit - 
Položku - TM-TM-1881QP0538BT se nepodařilo založit - 
Položku - TM-TM-1881QP0538LD se nepodařilo založit - 
Položku - TM-TM-1881QP0538D1 se nepodařilo založit - 
Položku - TM-TM-1881QP0538E1 se nepodařilo založit - 
Položku - TM-TM-1881QP0538E3 se nepodařilo založit - 
Položku - TM-TM-1881QP0538EL se nepodařilo založit - 
Položku - TM-TM-1881R30538LM se nepodařilo založit - 
Položku - TM-TM-1881R30538BT se nepodařilo založit - 
Položku - TM-TM-1881R30538LD se nepodařilo založit - 
Položku - TM-TM-1881R30538D1 se nepodařilo založit - 
Položku - TM-TM-1881R30538E1 se nepodařilo založit - 
Položku - TM-TM-1881R30538E3 se nepodařilo založit - 
Položku - TM-TM-1881R30538EL se nepodařilo založit - 
Položku - TM-TM-1881RP0538LM se nepodařilo založit - 
Položku - TM-TM-1881RP0538BT se nepodařilo založit - 
Položku - TM-TM-1881RP0538LD se nepodařilo založit - 
Položku - TM-TM-1881RP0538D1 se nepodařilo založit - 
Položku - TM-TM-1881RP0538E1 se nepodařilo založit - 
Položku - TM-TM-1881RP0538E3 se nepodařilo založit - 
Položku - TM-TM-1881RP0538EL se nepodařilo založit - 
Položku - TM-TM-1881Q36538LM se nepodařilo založit - 
Položku - TM-TM-1881Q36538BT se nepodařilo založit - 
Položku - TM-TM-1881Q36538LD se nepodařilo založit - 
Položku - TM-TM-1881Q36538D1 se nepodařilo založit - 
Položku - TM-TM-1881Q36538E1 se nepodařilo založit - 
Položku - TM-TM-1881Q36538E3 se nepodařilo založit - 
Položku - TM-TM-1881Q36538EL se nepodařilo založit - 
Položku - TM-TM-1881QP6538LM se nepodařilo založit - 
Položku - TM-TM-1881QP6538BT se nepodařilo založit - 
Položku - TM-TM-1881QP6538LD se nepodařilo založit - 
Položku - TM-TM-1881QP6538D1 se nepodařilo založit - 
Položku - TM-TM-1881QP6538E1 se nepodařilo založit - 
Položku - TM-TM-1881QP6538E3 se nepodařilo založit - 
Položku - TM-TM-1881QP6538EL se nepodařilo založit - 
Položku - TM-TM-1881R36538LM se nepodařilo založit - 
Položku - TM-TM-1881R36538BT se nepodařilo založit - 
Položku - TM-TM-1881R36538LD se nepodařilo založit - 
Položku - TM-TM-1881R36538D1 se nepodařilo založit - 
Položku - TM-TM-1881R36538E1 se nepodařilo založit - 
Položku - TM-TM-1881R36538E3 se nepodařilo založit - 
Položku - TM-TM-1881R36538EL se nepodařilo založit - 
Položku - TM-TM-1881RP6538LM se nepodařilo založit - 
Položku - TM-TM-1881RP6538BT se nepodařilo založit - 
Položku - TM-TM-1881RP6538LD se nepodařilo založit - 
Položku - TM-TM-1881RP6538D1 se nepodařilo založit - 
Položku - TM-TM-1881RP6538E1 se nepodařilo založit - 
Položku - TM-TM-1881RP6538E3 se nepodařilo založit - 
Položku - TM-TM-1881RP6538EL se nepodařilo založit - 
Položku - TM-TM-1881R30360LM se nepodařilo založit - 
Položku - TM-TM-1881R30360BT se nepodařilo založit - 
Položku - TM-TM-1881R30360LD se nepodařilo založit - 
Položku - TM-TM-1881R30360D1 se nepodařilo založit - 
Položku - TM-TM-1881R30360E1 se nepodařilo založit - 
Položku - TM-TM-1881R30360E3 se nepodařilo založit - 
Položku - TM-TM-1881R30360EL se nepodařilo založit - 
Položku - TM-TM-1881RP0360LM se nepodařilo založit - 
Položku - TM-TM-1881RP0360BT se nepodařilo založit - 
Položku - TM-TM-1881RP0360LD se nepodařilo založit - 
Položku - TM-TM-1881RP0360D1 se nepodařilo založit - 
Položku - TM-TM-1881RP0360E1 se nepodařilo založit - 
Položku - TM-TM-1881RP0360E3 se nepodařilo založit - 
Položku - TM-TM-1881RP0360EL se nepodařilo založit - 
Položku - TM-TM-1881R30460LM se nepodařilo založit - 
Položku - TM-TM-1881R30460BT se nepodařilo založit - 
Položku - TM-TM-1881R30460LD se nepodařilo založit - 
Položku - TM-TM-1881R30460D1 se nepodařilo založit - 
Položku - TM-TM-1881R30460E1 se nepodařilo založit - 
Položku - TM-TM-1881R30460E3 se nepodařilo založit - 
Položku - TM-TM-1881R30460EL se nepodařilo založit - 
Položku - TM-TM-1881RP0460LM se nepodařilo založit - 
Položku - TM-TM-1881RP0460BT se nepodařilo založit - 
Položku - TM-TM-1881RP0460LD se nepodařilo založit - 
Položku - TM-TM-1881RP0460D1 se nepodařilo založit - 
Položku - TM-TM-1881RP0460E1 se nepodařilo založit - 
Položku - TM-TM-1881RP0460E3 se nepodařilo založit - 
Položku - TM-TM-1881RP0460EL se nepodařilo založit - 
Položku - TM-TM-1881R39460LM se nepodařilo založit - 
Položku - TM-TM-1881R39460BT se nepodařilo založit - 
Položku - TM-TM-1881R39460LD se nepodařilo založit - 
Položku - TM-TM-1881R39460D1 se nepodařilo založit - 
Položku - TM-TM-1881R39460E1 se nepodařilo založit - 
Položku - TM-TM-1881R39460E3 se nepodařilo založit - 
Položku - TM-TM-1881R39460EL se nepodařilo založit - 
Položku - TM-TM-1881RP9460LM se nepodařilo založit - 
Položku - TM-TM-1881RP9460BT se nepodařilo založit - 
Položku - TM-TM-1881RP9460LD se nepodařilo založit - 
Položku - TM-TM-1881RP9460D1 se nepodařilo založit - 
Položku - TM-TM-1881RP9460E1 se nepodařilo založit - 
Položku - TM-TM-1881RP9460E3 se nepodařilo založit - 
Položku - TM-TM-1881RP9460EL se nepodařilo založit - 
Položku - TM-TM-1881R30560LM se nepodařilo založit - 
Položku - TM-TM-1881R30560BT se nepodařilo založit - 
Položku - TM-TM-1881R30560LD se nepodařilo založit - 
Položku - TM-TM-1881R30560D1 se nepodařilo založit - 
Položku - TM-TM-1881R30560E1 se nepodařilo založit - 
Položku - TM-TM-1881R30560E3 se nepodařilo založit - 
Položku - TM-TM-1881R30560EL se nepodařilo založit - 
Položku - TM-TM-1881RP0560LM se nepodařilo založit - 
Položku - TM-TM-1881RP0560BT se nepodařilo založit - 
Položku - TM-TM-1881RP0560LD se nepodařilo založit - 
Položku - TM-TM-1881RP0560D1 se nepodařilo založit - 
Položku - TM-TM-1881RP0560E1 se nepodařilo založit - 
Položku - TM-TM-1881RP0560E3 se nepodařilo založit - 
Položku - TM-TM-1881RP0560EL se nepodařilo založit - 
Položku - TM-TM-1881R36560LM se nepodařilo založit - 
Položku - TM-TM-1881R36560BT se nepodařilo založit - 
Položku - TM-TM-1881R36560LD se nepodařilo založit - 
Položku - TM-TM-1881R36560D1 se nepodařilo založit - 
Položku - TM-TM-1881R36560E1 se nepodařilo založit - 
Položku - TM-TM-1881R36560E3 se nepodařilo založit - 
Položku - TM-TM-1881R36560EL se nepodařilo založit - 
Položku - TM-TM-1881RP6560LM se nepodařilo založit - 
Položku - TM-TM-1881RP6560BT se nepodařilo založit - 
Položku - TM-TM-1881RP6560LD se nepodařilo založit - 
Položku - TM-TM-1881RP6560D1 se nepodařilo založit - 
Položku - TM-TM-1881RP6560E1 se nepodařilo založit - 
Položku - TM-TM-1881RP6560E3 se nepodařilo založit - 
Položku - TM-TM-1881RP6560EL se nepodařilo založit - 
Položku - TM-TM-1881R30364LM se nepodařilo založit - 
Položku - TM-TM-1881R30364BT se nepodařilo založit - 
Položku - TM-TM-1881R30364LD se nepodařilo založit - 
Položku - TM-TM-1881R30364D1 se nepodařilo založit - 
Položku - TM-TM-1881R30364E1 se nepodařilo založit - 
Položku - TM-TM-1881R30364E3 se nepodařilo založit - 
Položku - TM-TM-1881R30364EL se nepodařilo založit - 
Položku - TM-TM-1881RP0364LM se nepodařilo založit - 
Položku - TM-TM-1881RP0364BT se nepodařilo založit - 
Položku - TM-TM-1881RP0364LD se nepodařilo založit - 
Položku - TM-TM-1881RP0364D1 se nepodařilo založit - 
Položku - TM-TM-1881RP0364E1 se nepodařilo založit - 
Položku - TM-TM-1881RP0364E3 se nepodařilo založit - 
Položku - TM-TM-1881RP0364EL se nepodařilo založit - 
Položku - TM-TM-1881R30464LM se nepodařilo založit - 
Položku - TM-TM-1881R30464BT se nepodařilo založit - 
Položku - TM-TM-1881R30464LD se nepodařilo založit - 
Položku - TM-TM-1881R30464D1 se nepodařilo založit - 
Položku - TM-TM-1881R30464E1 se nepodařilo založit - 
Položku - TM-TM-1881R30464E3 se nepodařilo založit - 
Položku - TM-TM-1881R30464EL se nepodařilo založit - 
Položku - TM-TM-1881RP0464LM se nepodařilo založit - 
Položku - TM-TM-1881RP0464BT se nepodařilo založit - 
Položku - TM-TM-1881RP0464LD se nepodařilo založit - 
Položku - TM-TM-1881RP0464D1 se nepodařilo založit - 
Položku - TM-TM-1881RP0464E1 se nepodařilo založit - 
Položku - TM-TM-1881RP0464E3 se nepodařilo založit - 
Položku - TM-TM-1881RP0464EL se nepodařilo založit - 
Položku - TM-TM-1881R39464LM se nepodařilo založit - 
Položku - TM-TM-1881R39464BT se nepodařilo založit - 
Položku - TM-TM-1881R39464LD se nepodařilo založit - 
Položku - TM-TM-1881R39464D1 se nepodařilo založit - 
Položku - TM-TM-1881R39464E1 se nepodařilo založit - 
Položku - TM-TM-1881R39464E3 se nepodařilo založit - 
Položku - TM-TM-1881R39464EL se nepodařilo založit - 
Položku - TM-TM-1881RP9464LM se nepodařilo založit - 
Položku - TM-TM-1881RP9464BT se nepodařilo založit - 
Položku - TM-TM-1881RP9464LD se nepodařilo založit - 
Položku - TM-TM-1881RP9464D1 se nepodařilo založit - 
Položku - TM-TM-1881RP9464E1 se nepodařilo založit - 
Položku - TM-TM-1881RP9464E3 se nepodařilo založit - 
Položku - TM-TM-1881RP9464EL se nepodařilo založit - 
Položku - TM-TM-1881R30564LM se nepodařilo založit - 
Položku - TM-TM-1881R30564BT se nepodařilo založit - 
Položku - TM-TM-1881R30564LD se nepodařilo založit - 
Položku - TM-TM-1881R30564D1 se nepodařilo založit - 
Položku - TM-TM-1881R30564E1 se nepodařilo založit - 
Položku - TM-TM-1881R30564E3 se nepodařilo založit - 
Položku - TM-TM-1881R30564EL se nepodařilo založit - 
Položku - TM-TM-1881RP0564LM se nepodařilo založit - 
Položku - TM-TM-1881RP0564BT se nepodařilo založit - 
Položku - TM-TM-1881RP0564LD se nepodařilo založit - 
Položku - TM-TM-1881RP0564D1 se nepodařilo založit - 
Položku - TM-TM-1881RP0564E1 se nepodařilo založit - 
Položku - TM-TM-1881RP0564E3 se nepodařilo založit - 
Položku - TM-TM-1881RP0564EL se nepodařilo založit - 
Položku - TM-TM-1881R36564LM se nepodařilo založit - 
Položku - TM-TM-1881R36564BT se nepodařilo založit - 
Položku - TM-TM-1881R36564LD se nepodařilo založit - 
Položku - TM-TM-1881R36564D1 se nepodařilo založit - 
Položku - TM-TM-1881R36564E1 se nepodařilo založit - 
Položku - TM-TM-1881R36564E3 se nepodařilo založit - 
Položku - TM-TM-1881R36564EL se nepodařilo založit - 
Položku - TM-TM-1881RP6564LM se nepodařilo založit - 
Položku - TM-TM-1881RP6564BT se nepodařilo založit - 
Položku - TM-TM-1881RP6564LD se nepodařilo založit - 
Položku - TM-TM-1881RP6564D1 se nepodařilo založit - 
Položku - TM-TM-1881RP6564E1 se nepodařilo založit - 
Položku - TM-TM-1881RP6564E3 se nepodařilo založit - 
Položku - TM-TM-1881RP6564EL se nepodařilo založit - 
Položku - TM-TM-1881Q33120EL se nepodařilo založit - 
Položku - TM-TM-1881Q33120LM se nepodařilo založit - 
Položku - TM-TM-1881Q33120BT se nepodařilo založit - 
Položku - TM-TM-1881Q33120LD se nepodařilo založit - 
Položku - TM-TM-1881Q33120D1 se nepodařilo založit - 
Položku - TM-TM-1881Q33120E1 se nepodařilo založit - 
Položku - TM-TM-1881Q33120E3 se nepodařilo založit - 
Položku - TM-TM-1881QP3120EL se nepodařilo založit - 
Položku - TM-TM-1881QP3120LM se nepodařilo založit - 
Položku - TM-TM-1881QP3120BT se nepodařilo založit - 
Položku - TM-TM-1881QP3120LD se nepodařilo založit - 
Položku - TM-TM-1881QP3120D1 se nepodařilo založit - 
Položku - TM-TM-1881QP3120E1 se nepodařilo založit - 
Položku - TM-TM-1881QP3120E3 se nepodařilo založit - 
Položku - TM-TM-1881R33120EL se nepodařilo založit - 
Položku - TM-TM-1881R33120LM se nepodařilo založit - 
Položku - TM-TM-1881R33120BT se nepodařilo založit - 
Položku - TM-TM-1881R33120LD se nepodařilo založit - 
Položku - TM-TM-1881R33120D1 se nepodařilo založit - 
Položku - TM-TM-1881R33120E1 se nepodařilo založit - 
Položku - TM-TM-1881R33120E3 se nepodařilo založit - 
Položku - TM-TM-1881RP3120EL se nepodařilo založit - 
Položku - TM-TM-1881RP3120LM se nepodařilo založit - 
Položku - TM-TM-1881RP3120BT se nepodařilo založit - 
Položku - TM-TM-1881RP3120LD se nepodařilo založit - 
Položku - TM-TM-1881RP3120D1 se nepodařilo založit - 
Položku - TM-TM-1881RP3120E1 se nepodařilo založit - 
Položku - TM-TM-1881RP3120E3 se nepodařilo založit - 
Položku - TM-TM-1881Q34120EL se nepodařilo založit - 
Položku - TM-TM-1881Q34120LM se nepodařilo založit - 
Položku - TM-TM-1881Q34120BT se nepodařilo založit - 
Položku - TM-TM-1881Q34120LD se nepodařilo založit - 
Položku - TM-TM-1881Q34120D1 se nepodařilo založit - 
Položku - TM-TM-1881Q34120E1 se nepodařilo založit - 
Položku - TM-TM-1881Q34120E3 se nepodařilo založit - 
Položku - TM-TM-1881QP4120EL se nepodařilo založit - 
Položku - TM-TM-1881QP4120LM se nepodařilo založit - 
Položku - TM-TM-1881QP4120BT se nepodařilo založit - 
Položku - TM-TM-1881QP4120LD se nepodařilo založit - 
Položku - TM-TM-1881QP4120D1 se nepodařilo založit - 
Položku - TM-TM-1881QP4120E1 se nepodařilo založit - 
Položku - TM-TM-1881QP4120E3 se nepodařilo založit - 
Položku - TM-TM-1881R34120EL se nepodařilo založit - 
Položku - TM-TM-1881R34120LM se nepodařilo založit - 
Položku - TM-TM-1881R34120BT se nepodařilo založit - 
Položku - TM-TM-1881R34120LD se nepodařilo založit - 
Položku - TM-TM-1881R34120D1 se nepodařilo založit - 
Položku - TM-TM-1881R34120E1 se nepodařilo založit - 
Položku - TM-TM-1881R34120E3 se nepodařilo založit - 
Položku - TM-TM-1881RP4120EL se nepodařilo založit - 
Položku - TM-TM-1881RP4120LM se nepodařilo založit - 
Položku - TM-TM-1881RP4120BT se nepodařilo založit - 
Položku - TM-TM-1881RP4120LD se nepodařilo založit - 
Položku - TM-TM-1881RP4120D1 se nepodařilo založit - 
Položku - TM-TM-1881RP4120E1 se nepodařilo založit - 
Položku - TM-TM-1881RP4120E3 se nepodařilo založit - 
Položku - TM-TM-1881Q39120EL se nepodařilo založit - 
Položku - TM-TM-1881Q39120LM se nepodařilo založit - 
Položku - TM-TM-1881Q39120BT se nepodařilo založit - 
Položku - TM-TM-1881Q39120LD se nepodařilo založit - 
Položku - TM-TM-1881Q39120D1 se nepodařilo založit - 
Položku - TM-TM-1881Q39120E1 se nepodařilo založit - 
Položku - TM-TM-1881Q39120E3 se nepodařilo založit - 
Položku - TM-TM-1881QP9120EL se nepodařilo založit - 
Položku - TM-TM-1881QP9120LM se nepodařilo založit - 
Položku - TM-TM-1881QP9120BT se nepodařilo založit - 
Položku - TM-TM-1881QP9120LD se nepodařilo založit - 
Položku - TM-TM-1881QP9120D1 se nepodařilo založit - 
Položku - TM-TM-1881QP9120E1 se nepodařilo založit - 
Položku - TM-TM-1881QP9120E3 se nepodařilo založit - 
Položku - TM-TM-1881R39120EL se nepodařilo založit - 
Položku - TM-TM-1881R39120LM se nepodařilo založit - 
Položku - TM-TM-1881R39120BT se nepodařilo založit - 
Položku - TM-TM-1881R39120LD se nepodařilo založit - 
Položku - TM-TM-1881R39120D1 se nepodařilo založit - 
Položku - TM-TM-1881R39120E1 se nepodařilo založit - 
Položku - TM-TM-1881R39120E3 se nepodařilo založit - 
Položku - TM-TM-1881RP9120EL se nepodařilo založit - 
Položku - TM-TM-1881RP9120LM se nepodařilo založit - 
Položku - TM-TM-1881RP9120BT se nepodařilo založit - 
Položku - TM-TM-1881RP9120LD se nepodařilo založit - 
Položku - TM-TM-1881RP9120D1 se nepodařilo založit - 
Položku - TM-TM-1881RP9120E1 se nepodařilo založit - 
Položku - TM-TM-1881RP9120E3 se nepodařilo založit - 
Položku - TM-TM-1881Q35120EL se nepodařilo založit - 
Položku - TM-TM-1881Q35120LM se nepodařilo založit - 
Položku - TM-TM-1881Q35120BT se nepodařilo založit - 
Položku - TM-TM-1881Q35120LD se nepodařilo založit - 
Položku - TM-TM-1881Q35120D1 se nepodařilo založit - 
Položku - TM-TM-1881Q35120E1 se nepodařilo založit - 
Položku - TM-TM-1881Q35120E3 se nepodařilo založit - 
Položku - TM-TM-1881QP5120EL se nepodařilo založit - 
Položku - TM-TM-1881QP5120LM se nepodařilo založit - 
Položku - TM-TM-1881QP5120BT se nepodařilo založit - 
Položku - TM-TM-1881QP5120LD se nepodařilo založit - 
Položku - TM-TM-1881QP5120D1 se nepodařilo založit - 
Položku - TM-TM-1881QP5120E1 se nepodařilo založit - 
Položku - TM-TM-1881QP5120E3 se nepodařilo založit - 
Položku - TM-TM-1881R35120EL se nepodařilo založit - 
Položku - TM-TM-1881R35120LM se nepodařilo založit - 
Položku - TM-TM-1881R35120BT se nepodařilo založit - 
Položku - TM-TM-1881R35120LD se nepodařilo založit - 
Položku - TM-TM-1881R35120D1 se nepodařilo založit - 
Položku - TM-TM-1881R35120E1 se nepodařilo založit - 
Položku - TM-TM-1881R35120E3 se nepodařilo založit - 
Položku - TM-TM-1881RP5120EL se nepodařilo založit - 
Položku - TM-TM-1881RP5120LM se nepodařilo založit - 
Položku - TM-TM-1881RP5120BT se nepodařilo založit - 
Položku - TM-TM-1881RP5120LD se nepodařilo založit - 
Položku - TM-TM-1881RP5120D1 se nepodařilo založit - 
Položku - TM-TM-1881RP5120E1 se nepodařilo založit - 
Položku - TM-TM-1881RP5120E3 se nepodařilo založit - 
Položku - TM-TM-1881Q36120EL se nepodařilo založit - 
Položku - TM-TM-1881Q36120LM se nepodařilo založit - 
Položku - TM-TM-1881Q36120BT se nepodařilo založit - 
Položku - TM-TM-1881Q36120LD se nepodařilo založit - 
Položku - TM-TM-1881Q36120D1 se nepodařilo založit - 
Položku - TM-TM-1881Q36120E1 se nepodařilo založit - 
Položku - TM-TM-1881Q36120E3 se nepodařilo založit - 
Položku - TM-TM-1881QP6120EL se nepodařilo založit - 
Položku - TM-TM-1881QP6120LM se nepodařilo založit - 
Položku - TM-TM-1881QP6120BT se nepodařilo založit - 
Položku - TM-TM-1881QP6120LD se nepodařilo založit - 
Položku - TM-TM-1881QP6120D1 se nepodařilo založit - 
Položku - TM-TM-1881QP6120E1 se nepodařilo založit - 
Položku - TM-TM-1881QP6120E3 se nepodařilo založit - 
Položku - TM-TM-1881R36120EL se nepodařilo založit - 
Položku - TM-TM-1881R36120LM se nepodařilo založit - 
Položku - TM-TM-1881R36120BT se nepodařilo založit - 
Položku - TM-TM-1881R36120LD se nepodařilo založit - 
Položku - TM-TM-1881R36120D1 se nepodařilo založit - 
Položku - TM-TM-1881R36120E1 se nepodařilo založit - 
Položku - TM-TM-1881R36120E3 se nepodařilo založit - 
Položku - TM-TM-1881RP6120EL se nepodařilo založit - 
Položku - TM-TM-1881RP6120LM se nepodařilo založit - 
Položku - TM-TM-1881RP6120BT se nepodařilo založit - 
Položku - TM-TM-1881RP6120LD se nepodařilo založit - 
Položku - TM-TM-1881RP6120D1 se nepodařilo založit - 
Položku - TM-TM-1881RP6120E1 se nepodařilo založit - 
Položku - TM-TM-1881RP6120E3 se nepodařilo založit - 
Položku - TM-TM-1881QP3028EL se nepodařilo založit - 
Položku - TM-TM-1881QP3028LM se nepodařilo založit - 
Položku - TM-TM-1881QP3028BT se nepodařilo založit - 
Položku - TM-TM-1881QP3028LD se nepodařilo založit - 
Položku - TM-TM-1881QP3028D1 se nepodařilo založit - 
Položku - TM-TM-1881QP3028E1 se nepodařilo založit - 
Položku - TM-TM-1881QP3028E3 se nepodařilo založit - 
Položku - TM-TM-1881RP3028EL se nepodařilo založit - 
Položku - TM-TM-1881RP3028LM se nepodařilo založit - 
Položku - TM-TM-1881RP3028BT se nepodařilo založit - 
Položku - TM-TM-1881RP3028LD se nepodařilo založit - 
Položku - TM-TM-1881RP3028D1 se nepodařilo založit - 
Položku - TM-TM-1881RP3028E1 se nepodařilo založit - 
Položku - TM-TM-1881RP3028E3 se nepodařilo založit - 
Položku - TM-TM-1881Q33028EL se nepodařilo založit - 
Položku - TM-TM-1881Q33028LM se nepodařilo založit - 
Položku - TM-TM-1881Q33028BT se nepodařilo založit - 
Položku - TM-TM-1881Q33028LD se nepodařilo založit - 
Položku - TM-TM-1881Q33028D1 se nepodařilo založit - 
Položku - TM-TM-1881Q33028E1 se nepodařilo založit - 
Položku - TM-TM-1881Q33028E3 se nepodařilo založit - 
Položku - TM-TM-1881R33028EL se nepodařilo založit - 
Položku - TM-TM-1881R33028LM se nepodařilo založit - 
Položku - TM-TM-1881R33028BT se nepodařilo založit - 
Položku - TM-TM-1881R33028LD se nepodařilo založit - 
Položku - TM-TM-1881R33028D1 se nepodařilo založit - 
Položku - TM-TM-1881R33028E1 se nepodařilo založit - 
Položku - TM-TM-1881R33028E3 se nepodařilo založit - 
Položku - TM-TM-1881QP4028EL se nepodařilo založit - 
Položku - TM-TM-1881QP4028LM se nepodařilo založit - 
Položku - TM-TM-1881QP4028BT se nepodařilo založit - 
Položku - TM-TM-1881QP4028LD se nepodařilo založit - 
Položku - TM-TM-1881QP4028D1 se nepodařilo založit - 
Položku - TM-TM-1881QP4028E1 se nepodařilo založit - 
Položku - TM-TM-1881QP4028E3 se nepodařilo založit - 
Položku - TM-TM-1881RP4028EL se nepodařilo založit - 
Položku - TM-TM-1881RP4028LM se nepodařilo založit - 
Položku - TM-TM-1881RP4028BT se nepodařilo založit - 
Položku - TM-TM-1881RP4028LD se nepodařilo založit - 
Položku - TM-TM-1881RP4028D1 se nepodařilo založit - 
Položku - TM-TM-1881RP4028E1 se nepodařilo založit - 
Položku - TM-TM-1881RP4028E3 se nepodařilo založit - 
Položku - TM-TM-1881Q34028EL se nepodařilo založit - 
Položku - TM-TM-1881Q34028LM se nepodařilo založit - 
Položku - TM-TM-1881Q34028BT se nepodařilo založit - 
Položku - TM-TM-1881Q34028LD se nepodařilo založit - 
Položku - TM-TM-1881Q34028D1 se nepodařilo založit - 
Položku - TM-TM-1881Q34028E1 se nepodařilo založit - 
Položku - TM-TM-1881Q34028E3 se nepodařilo založit - 
Položku - TM-TM-1881R34028EL se nepodařilo založit - 
Položku - TM-TM-1881R34028LM se nepodařilo založit - 
Položku - TM-TM-1881R34028BT se nepodařilo založit - 
Položku - TM-TM-1881R34028LD se nepodařilo založit - 
Položku - TM-TM-1881R34028D1 se nepodařilo založit - 
Položku - TM-TM-1881R34028E1 se nepodařilo založit - 
Položku - TM-TM-1881R34028E3 se nepodařilo založit - 
Položku - TM-TM-1881QP9028EL se nepodařilo založit - 
Položku - TM-TM-1881QP9028LM se nepodařilo založit - 
Položku - TM-TM-1881QP9028BT se nepodařilo založit - 
Položku - TM-TM-1881QP9028LD se nepodařilo založit - 
Položku - TM-TM-1881QP9028D1 se nepodařilo založit - 
Položku - TM-TM-1881QP9028E1 se nepodařilo založit - 
Položku - TM-TM-1881QP9028E3 se nepodařilo založit - 
Položku - TM-TM-1881RP9028EL se nepodařilo založit - 
Položku - TM-TM-1881RP9028LM se nepodařilo založit - 
Položku - TM-TM-1881RP9028BT se nepodařilo založit - 
Položku - TM-TM-1881RP9028LD se nepodařilo založit - 
Položku - TM-TM-1881RP9028D1 se nepodařilo založit - 
Položku - TM-TM-1881RP9028E1 se nepodařilo založit - 
Položku - TM-TM-1881RP9028E3 se nepodařilo založit - 
Položku - TM-TM-1881Q39028EL se nepodařilo založit - 
Položku - TM-TM-1881Q39028LM se nepodařilo založit - 
Položku - TM-TM-1881Q39028BT se nepodařilo založit - 
Položku - TM-TM-1881Q39028LD se nepodařilo založit - 
Položku - TM-TM-1881Q39028D1 se nepodařilo založit - 
Položku - TM-TM-1881Q39028E1 se nepodařilo založit - 
Položku - TM-TM-1881Q39028E3 se nepodařilo založit - 
Položku - TM-TM-1881R39028EL se nepodařilo založit - 
Položku - TM-TM-1881R39028LM se nepodařilo založit - 
Položku - TM-TM-1881R39028BT se nepodařilo založit - 
Položku - TM-TM-1881R39028LD se nepodařilo založit - 
Položku - TM-TM-1881R39028D1 se nepodařilo založit - 
Položku - TM-TM-1881R39028E1 se nepodařilo založit - 
Položku - TM-TM-1881R39028E3 se nepodařilo založit - 
Položku - TM-TM-1881QP5028EL se nepodařilo založit - 
Položku - TM-TM-1881QP5028LM se nepodařilo založit - 
Položku - TM-TM-1881QP5028BT se nepodařilo založit - 
Položku - TM-TM-1881QP5028LD se nepodařilo založit - 
Položku - TM-TM-1881QP5028D1 se nepodařilo založit - 
Položku - TM-TM-1881QP5028E1 se nepodařilo založit - 
Položku - TM-TM-1881QP5028E3 se nepodařilo založit - 
Položku - TM-TM-1881RP5028EL se nepodařilo založit - 
Položku - TM-TM-1881RP5028LM se nepodařilo založit - 
Položku - TM-TM-1881RP5028BT se nepodařilo založit - 
Položku - TM-TM-1881RP5028LD se nepodařilo založit - 
Položku - TM-TM-1881RP5028D1 se nepodařilo založit - 
Položku - TM-TM-1881RP5028E1 se nepodařilo založit - 
Položku - TM-TM-1881RP5028E3 se nepodařilo založit - 
Položku - TM-TM-1881Q35028EL se nepodařilo založit - 
Položku - TM-TM-1881Q35028LM se nepodařilo založit - 
Položku - TM-TM-1881Q35028BT se nepodařilo založit - 
Položku - TM-TM-1881Q35028LD se nepodařilo založit - 
Položku - TM-TM-1881Q35028D1 se nepodařilo založit - 
Položku - TM-TM-1881Q35028E1 se nepodařilo založit - 
Položku - TM-TM-1881Q35028E3 se nepodařilo založit - 
Položku - TM-TM-1881R35028EL se nepodařilo založit - 
Položku - TM-TM-1881R35028LM se nepodařilo založit - 
Položku - TM-TM-1881R35028BT se nepodařilo založit - 
Položku - TM-TM-1881R35028LD se nepodařilo založit - 
Položku - TM-TM-1881R35028D1 se nepodařilo založit - 
Položku - TM-TM-1881R35028E1 se nepodařilo založit - 
Položku - TM-TM-1881R35028E3 se nepodařilo založit - 
Položku - TM-TM-1881QP6028EL se nepodařilo založit - 
Položku - TM-TM-1881QP6028LM se nepodařilo založit - 
Položku - TM-TM-1881QP6028BT se nepodařilo založit - 
Položku - TM-TM-1881QP6028LD se nepodařilo založit - 
Položku - TM-TM-1881QP6028D1 se nepodařilo založit - 
Položku - TM-TM-1881QP6028E1 se nepodařilo založit - 
Položku - TM-TM-1881QP6028E3 se nepodařilo založit - 
Položku - TM-TM-1881RP6028EL se nepodařilo založit - 
Položku - TM-TM-1881RP6028LM se nepodařilo založit - 
Položku - TM-TM-1881RP6028BT se nepodařilo založit - 
Položku - TM-TM-1881RP6028LD se nepodařilo založit - 
Položku - TM-TM-1881RP6028D1 se nepodařilo založit - 
Položku - TM-TM-1881RP6028E1 se nepodařilo založit - 
Položku - TM-TM-1881RP6028E3 se nepodařilo založit - 
Položku - TM-TM-1881Q36028EL se nepodařilo založit - 
Položku - TM-TM-1881Q36028LM se nepodařilo založit - 
Položku - TM-TM-1881Q36028BT se nepodařilo založit - 
Položku - TM-TM-1881Q36028LD se nepodařilo založit - 
Položku - TM-TM-1881Q36028D1 se nepodařilo založit - 
Položku - TM-TM-1881Q36028E1 se nepodařilo založit - 
Položku - TM-TM-1881Q36028E3 se nepodařilo založit - 
Položku - TM-TM-1881R36028EL se nepodařilo založit - 
Položku - TM-TM-1881R36028LM se nepodařilo založit - 
Položku - TM-TM-1881R36028BT se nepodařilo založit - 
Položku - TM-TM-1881R36028LD se nepodařilo založit - 
Položku - TM-TM-1881R36028D1 se nepodařilo založit - 
Položku - TM-TM-1881R36028E1 se nepodařilo založit - 
Položku - TM-TM-1881R36028E3 se nepodařilo založit - 
Položku - TM-TM-1881Q33045EL se nepodařilo založit - 
Položku - TM-TM-1881Q33045LM se nepodařilo založit - 
Položku - TM-TM-1881Q33045BT se nepodařilo založit - 
Položku - TM-TM-1881Q33045LD se nepodařilo založit - 
Položku - TM-TM-1881Q33045D1 se nepodařilo založit - 
Položku - TM-TM-1881Q33045E1 se nepodařilo založit - 
Položku - TM-TM-1881Q33045E3 se nepodařilo založit - 
Položku - TM-TM-1881QP3045EL se nepodařilo založit - 
Položku - TM-TM-1881QP3045LM se nepodařilo založit - 
Položku - TM-TM-1881QP3045BT se nepodařilo založit - 
Položku - TM-TM-1881QP3045LD se nepodařilo založit - 
Položku - TM-TM-1881QP3045D1 se nepodařilo založit - 
Položku - TM-TM-1881QP3045E1 se nepodařilo založit - 
Položku - TM-TM-1881QP3045E3 se nepodařilo založit - 
Položku - TM-TM-1881RP3045EL se nepodařilo založit - 
Položku - TM-TM-1881RP3045LM se nepodařilo založit - 
Položku - TM-TM-1881RP3045BT se nepodařilo založit - 
Položku - TM-TM-1881RP3045LD se nepodařilo založit - 
Položku - TM-TM-1881RP3045D1 se nepodařilo založit - 
Položku - TM-TM-1881RP3045E1 se nepodařilo založit - 
Položku - TM-TM-1881RP3045E3 se nepodařilo založit - 
Položku - TM-TM-1881R33045EL se nepodařilo založit - 
Položku - TM-TM-1881R33045LM se nepodařilo založit - 
Položku - TM-TM-1881R33045BT se nepodařilo založit - 
Položku - TM-TM-1881R33045LD se nepodařilo založit - 
Položku - TM-TM-1881R33045D1 se nepodařilo založit - 
Položku - TM-TM-1881R33045E1 se nepodařilo založit - 
Položku - TM-TM-1881R33045E3 se nepodařilo založit - 
Položku - TM-TM-1881Q34045EL se nepodařilo založit - 
Položku - TM-TM-1881Q34045LM se nepodařilo založit - 
Položku - TM-TM-1881Q34045BT se nepodařilo založit - 
Položku - TM-TM-1881Q34045LD se nepodařilo založit - 
Položku - TM-TM-1881Q34045D1 se nepodařilo založit - 
Položku - TM-TM-1881Q34045E1 se nepodařilo založit - 
Položku - TM-TM-1881Q34045E3 se nepodařilo založit - 
Položku - TM-TM-1881QP4045EL se nepodařilo založit - 
Položku - TM-TM-1881QP4045LM se nepodařilo založit - 
Položku - TM-TM-1881QP4045BT se nepodařilo založit - 
Položku - TM-TM-1881QP4045LD se nepodařilo založit - 
Položku - TM-TM-1881QP4045D1 se nepodařilo založit - 
Položku - TM-TM-1881QP4045E1 se nepodařilo založit - 
Položku - TM-TM-1881QP4045E3 se nepodařilo založit - 
Položku - TM-TM-1881RP4045EL se nepodařilo založit - 
Položku - TM-TM-1881RP4045LM se nepodařilo založit - 
Položku - TM-TM-1881RP4045BT se nepodařilo založit - 
Položku - TM-TM-1881RP4045LD se nepodařilo založit - 
Položku - TM-TM-1881RP4045D1 se nepodařilo založit - 
Položku - TM-TM-1881RP4045E1 se nepodařilo založit - 
Položku - TM-TM-1881RP4045E3 se nepodařilo založit - 
Položku - TM-TM-1881R34045EL se nepodařilo založit - 
Položku - TM-TM-1881R34045LM se nepodařilo založit - 
Položku - TM-TM-1881R34045BT se nepodařilo založit - 
Položku - TM-TM-1881R34045LD se nepodařilo založit - 
Položku - TM-TM-1881R34045D1 se nepodařilo založit - 
Položku - TM-TM-1881R34045E1 se nepodařilo založit - 
Položku - TM-TM-1881R34045E3 se nepodařilo založit - 
Položku - TM-TM-1881Q39045EL se nepodařilo založit - 
Položku - TM-TM-1881Q39045LM se nepodařilo založit - 
Položku - TM-TM-1881Q39045BT se nepodařilo založit - 
Položku - TM-TM-1881Q39045LD se nepodařilo založit - 
Položku - TM-TM-1881Q39045D1 se nepodařilo založit - 
Položku - TM-TM-1881Q39045E1 se nepodařilo založit - 
Položku - TM-TM-1881Q39045E3 se nepodařilo založit - 
Položku - TM-TM-1881QP9045EL se nepodařilo založit - 
Položku - TM-TM-1881QP9045LM se nepodařilo založit - 
Položku - TM-TM-1881QP9045BT se nepodařilo založit - 
Položku - TM-TM-1881QP9045LD se nepodařilo založit - 
Položku - TM-TM-1881QP9045D1 se nepodařilo založit - 
Položku - TM-TM-1881QP9045E1 se nepodařilo založit - 
Položku - TM-TM-1881QP9045E3 se nepodařilo založit - 
Položku - TM-TM-1881RP9045EL se nepodařilo založit - 
Položku - TM-TM-1881RP9045LM se nepodařilo založit - 
Položku - TM-TM-1881RP9045BT se nepodařilo založit - 
Položku - TM-TM-1881RP9045LD se nepodařilo založit - 
Položku - TM-TM-1881RP9045D1 se nepodařilo založit - 
Položku - TM-TM-1881RP9045E1 se nepodařilo založit - 
Položku - TM-TM-1881RP9045E3 se nepodařilo založit - 
Položku - TM-TM-1881R39045EL se nepodařilo založit - 
Položku - TM-TM-1881R39045LM se nepodařilo založit - 
Položku - TM-TM-1881R39045BT se nepodařilo založit - 
Položku - TM-TM-1881R39045LD se nepodařilo založit - 
Položku - TM-TM-1881R39045D1 se nepodařilo založit - 
Položku - TM-TM-1881R39045E1 se nepodařilo založit - 